<?xml version="1.0" encoding="UTF-8"?>
<!-- Generated by org.testng.reporters.JUnitReportReporter -->
<testsuite hostname="DESKTOP-CG5NQD4" failures="0" tests="1" name="ecommerce.Project.Test1" time="0.011" errors="0" timestamp="2024-07-11T22:36:59 IST" skipped="0">
  <testcase classname="ecommerce.Project.Test1" name="method" time="0.011"/>
  <system-out/>
</testsuite> <!-- ecommerce.Project.Test1 -->
