<?xml version="1.0" encoding="UTF-8"?>
<!-- Generated by org.testng.reporters.JUnitReportReporter -->
<testsuite hostname="DESKTOP-CG5NQD4" failures="0" tests="1" name="ecommerce.Project.Test_Case14" time="25.140" errors="0" timestamp="2024-08-10T14:43:06 IST" skipped="0">
  <testcase classname="ecommerce.Project.Test_Case14" name="lastOrderedProductRating" time="25.140"/>
  <system-out/>
</testsuite> <!-- ecommerce.Project.Test_Case14 -->
