<?xml version="1.0" encoding="UTF-8"?>
<!-- Generated by org.testng.reporters.JUnitReportReporter -->
<testsuite hostname="DESKTOP-CG5NQD4" failures="0" tests="1" name="ecommerce.Project.Test_Case6" time="107.188" errors="0" timestamp="2024-08-10T14:43:06 IST" skipped="0">
  <testcase classname="ecommerce.Project.Test_Case6" name="Search_shoes" time="107.188"/>
  <system-out/>
</testsuite> <!-- ecommerce.Project.Test_Case6 -->
