<?xml version="1.0" encoding="UTF-8"?>
<!-- Generated by org.testng.reporters.JUnitReportReporter -->
<testsuite hostname="DESKTOP-CG5NQD4" failures="0" tests="1" name="ecommerce.Project.Test_Case5" time="7.866" errors="0" timestamp="2024-07-17T21:39:25 IST" skipped="0">
  <testcase classname="ecommerce.Project.Test_Case5" name="Search_shoes" time="7.866">
    <system-out>
      <![CDATA[Test case 5 passed, searching shoes]]>
    </system-out>
  </testcase> <!-- Search_shoes -->
  <system-out>
    <![CDATA[Test case 5 passed, searching shoes
Login validated with valid cred
Registration done]]>
  </system-out>
</testsuite> <!-- ecommerce.Project.Test_Case5 -->
