<?xml version="1.0" encoding="UTF-8"?>
<!-- Generated by org.testng.reporters.JUnitReportReporter -->
<testsuite hostname="DESKTOP-CG5NQD4" failures="0" tests="1" name="ecommerce.Project.Test_Case1" time="4.600" errors="0" timestamp="2024-07-17T21:39:25 IST" skipped="0">
  <testcase classname="ecommerce.Project.Test_Case1" name="new_user_registration" time="4.600">
    <system-out>
      <![CDATA[Registration done]]>
    </system-out>
  </testcase> <!-- new_user_registration -->
  <system-out>
    <![CDATA[Test case 5 passed, searching shoes
Login validated with valid cred
Registration done]]>
  </system-out>
</testsuite> <!-- ecommerce.Project.Test_Case1 -->
